TN:
SF:controllers\ActorController.js
FN:5,create
FN:23,getAll
FN:54,getById
FN:66,update
FN:85,delete
FNF:5
FNH:5
FNDA:2,create
FNDA:1,getAll
FNDA:2,getById
FNDA:2,update
FNDA:2,delete
DA:1,1
DA:2,1
DA:3,1
DA:4,1
DA:5,1
DA:6,2
DA:7,2
DA:8,2
DA:9,1
DA:10,1
DA:11,1
DA:12,1
DA:13,1
DA:14,1
DA:15,1
DA:16,1
DA:17,1
DA:18,1
DA:19,0
DA:20,0
DA:21,2
DA:22,1
DA:23,1
DA:24,1
DA:25,1
DA:26,1
DA:27,1
DA:28,1
DA:29,1
DA:30,1
DA:31,1
DA:32,1
DA:33,1
DA:34,1
DA:35,1
DA:36,1
DA:37,1
DA:38,1
DA:39,1
DA:40,1
DA:41,1
DA:42,1
DA:43,1
DA:44,1
DA:45,1
DA:46,1
DA:47,1
DA:48,1
DA:49,0
DA:50,0
DA:51,0
DA:52,1
DA:53,1
DA:54,1
DA:55,2
DA:56,2
DA:57,2
DA:58,1
DA:59,1
DA:60,1
DA:61,2
DA:62,0
DA:63,0
DA:64,2
DA:65,1
DA:66,1
DA:67,2
DA:68,2
DA:69,2
DA:70,1
DA:71,1
DA:72,1
DA:73,1
DA:74,2
DA:75,0
DA:76,0
DA:77,0
DA:78,0
DA:79,0
DA:80,0
DA:81,0
DA:82,0
DA:83,2
DA:84,1
DA:85,1
DA:86,2
DA:87,2
DA:88,2
DA:89,1
DA:90,1
DA:91,1
DA:92,2
DA:93,0
DA:94,0
DA:95,2
DA:96,1
DA:97,1
DA:98,1
LF:98
LH:81
BRDA:5,0,0,2
BRDA:8,1,0,1
BRDA:18,2,0,0
BRDA:16,3,0,2
BRDA:23,4,0,1
BRDA:48,5,0,0
BRDA:54,6,0,2
BRDA:57,7,0,1
BRDA:61,8,0,0
BRDA:66,9,0,2
BRDA:69,10,0,1
BRDA:74,11,0,0
BRDA:85,12,0,2
BRDA:88,13,0,1
BRDA:92,14,0,0
BRF:15
BRH:10
end_of_record
